[ Info: SetupBuildDirectory: setting up build directory.
[ Info: Doctest: running doctests.
[ Info: ExpandTemplates: expanding markdown templates.
┌ Warning: Invalid negative or zero value 0.0 found at series index 12 for log10 based yscale
└ @ Plots ~/.julia/packages/Plots/ywg93/src/utils.jl:105
┌ Warning: Invalid negative or zero value 0.0 found at series index 12 for log10 based yscale
└ @ Plots ~/.julia/packages/Plots/ywg93/src/utils.jl:105
┌ Warning: Invalid negative or zero value 0.0 found at series index 12 for log10 based yscale
└ @ Plots ~/.julia/packages/Plots/ywg93/src/utils.jl:105
[ Info: CrossReferences: building cross-references.
[ Info: CheckDocument: running document checks.
[ Info: Populate: populating indices.
[ Info: RenderDocument: rendering document.
[ Info: HTMLWriter: rendering HTML pages.
┌ Warning: Generated HTML over size_threshold_warn limit: documentation.md
│     Generated file size: 123.9 (KiB)
│     size_threshold_warn: 100.0 (KiB)
│     size_threshold:      200.0 (KiB)
│     HTML file:           documentation/index.html
└ @ Documenter.HTMLWriter ~/.julia/packages/Documenter/xvqbW/src/html/HTMLWriter.jl:2003
┌ Warning: For 2 @example blocks, the 'text/html' representation of the resulting
│ object is above the threshold (example_size_threshold: 8192 bytes).
│ - 2 blocks had 'image/svg+xml' fallback image representation available, using that.
│   On pages: index.md
└ @ Documenter.HTMLWriter ~/.julia/packages/Documenter/xvqbW/src/html/HTMLWriter.jl:915
[ Info: Automatic `version="0.9.17"` for inventory from ../Project.toml
┌ Warning: Documenter could not auto-detect the building environment. Skipping deployment.
└ @ Documenter ~/.julia/packages/Documenter/xvqbW/src/deployconfig.jl:93
