[36m[1m[ [22m[39m[36m[1mInfo: [22m[39mSetupBuildDirectory: setting up build directory.
[36m[1m[ [22m[39m[36m[1mInfo: [22m[39mDoctest: running doctests.
[36m[1m[ [22m[39m[36m[1mInfo: [22m[39mExpandTemplates: expanding markdown templates.
[36m[1m[ [22m[39m[36m[1mInfo: [22m[39mCrossReferences: building cross-references.
[91m[1m┌ [22m[39m[91m[1mError: [22m[39mCannot resolve @ref for md"[`crossinterpolate2`](@ref)" in src/documentation.md.
[91m[1m│ [22m[39m- No docstring found in doc for binding `T4ATensorCI.crossinterpolate2`.
[91m[1m│ [22m[39m- No docstring found in doc for binding `Main.crossinterpolate2`.
[91m[1m└ [22m[39m[90m@ Documenter ~/.julia/packages/Documenter/xvqbW/src/utilities/utilities.jl:47[39m
[91m[1m┌ [22m[39m[91m[1mError: [22m[39mCannot resolve @ref for md"[`contract_fit`](@ref)" in src/documentation.md.
[91m[1m│ [22m[39m- No docstring found in doc for binding `T4AMPOContractions.contract_fit`.
[91m[1m│ [22m[39m- No docstring found in doc for binding `Main.contract_fit`.
[91m[1m└ [22m[39m[90m@ Documenter ~/.julia/packages/Documenter/xvqbW/src/utilities/utilities.jl:47[39m
[36m[1m[ [22m[39m[36m[1mInfo: [22m[39mCheckDocument: running document checks.
[91m[1m┌ [22m[39m[91m[1mError: [22m[39m10 docstrings not included in the manual:
[91m[1m│ [22m[39m
[91m[1m│ [22m[39m    T4AMPOContractions.average :: Union{Tuple{T4ATensorTrain.AbstractTensorTrain{V}}, Tuple{V}} where V
[91m[1m│ [22m[39m    T4AMPOContractions.contract_distr_fit :: Union{Tuple{ValueType}, Tuple{T4ATensorTrain.SiteTensorTrain{ValueType, 4}, T4ATensorTrain.SiteTensorTrain{ValueType, 4}}} where ValueType
[91m[1m│ [22m[39m    T4AMPOContractions.contract_zipup :: Union{Tuple{ValueType}, Tuple{T4ATensorTrain.TensorTrain{ValueType, 4}, T4ATensorTrain.TensorTrain{ValueType, 4}}} where ValueType
[91m[1m│ [22m[39m    T4AMPOContractions.initializempi :: Union{Tuple{}, Tuple{Bool}}
[91m[1m│ [22m[39m    T4AMPOContractions.add :: Union{Tuple{V}, Tuple{T4ATensorTrain.AbstractTensorTrain{V}, T4ATensorTrain.AbstractTensorTrain{V}}} where V
[91m[1m│ [22m[39m    T4AMPOContractions.Contraction
[91m[1m│ [22m[39m    T4AMPOContractions.finalizempi :: Tuple{}
[91m[1m│ [22m[39m    T4AMPOContractions.weightedsum :: Union{Tuple{V}, Tuple{T4ATensorTrain.AbstractTensorTrain{V}, Array{Vector{V}, 1}}} where V
[91m[1m│ [22m[39m    T4AMPOContractions.contract_fit :: Union{Tuple{ValueType}, Tuple{T4ATensorTrain.SiteTensorTrain{ValueType, 4}, T4ATensorTrain.SiteTensorTrain{ValueType, 4}}} where ValueType
[91m[1m│ [22m[39m    T4AMPOContractions.subtract :: Union{Tuple{V}, Tuple{T4ATensorTrain.AbstractTensorTrain{V}, T4ATensorTrain.AbstractTensorTrain{V}}} where V
[91m[1m│ [22m[39m
[91m[1m│ [22m[39mThese are docstrings in the checked modules (configured with the modules keyword)
[91m[1m│ [22m[39mthat are not included in canonical @docs or @autodocs blocks.
[91m[1m└ [22m[39m[90m@ Documenter ~/.julia/packages/Documenter/xvqbW/src/utilities/utilities.jl:47[39m
[36m[1m[ [22m[39m[36m[1mInfo: [22m[39mPopulate: populating indices.
[91m[1mERROR: [22m[39mLoadError: `makedocs` encountered errors [:missing_docs, :cross_references] -- terminating build before rendering.
Stacktrace:
  [1] [0m[1merror[22m[0m[1m([22m[90ms[39m::[0mString[0m[1m)[22m
[90m    @[39m [90mBase[39m [90m./[39m[90m[4merror.jl:44[24m[39m
  [2] [0m[1mrunner[22m[0m[1m([22m::[0mType[90m{Documenter.Builder.RenderDocument}[39m, [90mdoc[39m::[0mDocumenter.Document[0m[1m)[22m
[90m    @[39m [35mDocumenter[39m [90m~/.julia/packages/Documenter/xvqbW/src/[39m[90m[4mbuilder_pipeline.jl:259[24m[39m
  [3] [0m[1mdispatch[22m[0m[1m([22m::[0mType[90m{Documenter.Builder.DocumentPipeline}[39m, [90mx[39m::[0mDocumenter.Document[0m[1m)[22m
[90m    @[39m [35mDocumenter.Selectors[39m [90m~/.julia/packages/Documenter/xvqbW/src/utilities/[39m[90m[4mSelectors.jl:170[24m[39m
  [4] [0m[1m#89[22m
[90m    @[39m [90m~/.julia/packages/Documenter/xvqbW/src/[39m[90m[4mmakedocs.jl:283[24m[39m[90m [inlined][39m
  [5] [0m[1mwithenv[22m[0m[1m([22m::[0mDocumenter.var"#89#90"[90m{Documenter.Document}[39m, ::[0mPair[90m{String, Nothing}[39m, ::[0mVararg[90m{Pair{String, Nothing}}[39m[0m[1m)[22m
[90m    @[39m [90mBase[39m [90m./[39m[90m[4menv.jl:265[24m[39m
  [6] [0m[1m#87[22m
[90m    @[39m [90m~/.julia/packages/Documenter/xvqbW/src/[39m[90m[4mmakedocs.jl:282[24m[39m[90m [inlined][39m
  [7] [0m[1mcd[22m[0m[1m([22m[90mf[39m::[0mDocumenter.var"#87#88"[90m{Documenter.Document}[39m, [90mdir[39m::[0mString[0m[1m)[22m
[90m    @[39m [90mBase.Filesystem[39m [90m./[39m[90m[4mfile.jl:112[24m[39m
  [8] [0m[1mmakedocs[22m[0m[1m([22m; [90mdebug[39m::[0mBool, [90mformat[39m::[0mDocumenter.HTMLWriter.HTML, [90mkwargs[39m::[0m@Kwargs[90m{modules::Vector{Module}, authors::String, sitename::String, pages::Vector{Pair{String, String}}}[39m[0m[1m)[22m
[90m    @[39m [35mDocumenter[39m [90m~/.julia/packages/Documenter/xvqbW/src/[39m[90m[4mmakedocs.jl:281[24m[39m
  [9] top-level scope
[90m    @[39m [90m~/projects/tensor4all/T4AMPOContractions.jl/docs/[39m[90m[4mmake.jl:6[24m[39m
 [10] [0m[1minclude[22m[0m[1m([22m[90mmod[39m::[0mModule, [90m_path[39m::[0mString[0m[1m)[22m
[90m    @[39m [90mBase[39m [90m./[39m[90m[4mBase.jl:306[24m[39m
 [11] [0m[1mexec_options[22m[0m[1m([22m[90mopts[39m::[0mBase.JLOptions[0m[1m)[22m
[90m    @[39m [90mBase[39m [90m./[39m[90m[4mclient.jl:317[24m[39m
 [12] [0m[1m_start[22m[0m[1m([22m[0m[1m)[22m
[90m    @[39m [90mBase[39m [90m./[39m[90m[4mclient.jl:550[24m[39m
in expression starting at /Users/hiroshi/projects/tensor4all/T4AMPOContractions.jl/docs/make.jl:6
